Running on  sh13
Activating local environment
Package                  Version    
------------------------ -----------
accelerate               0.28.0     
aiohttp                  3.9.3      
aiosignal                1.3.1      
appdirs                  1.4.4      
asttokens                2.4.1      
async-timeout            4.0.3      
attrs                    23.2.0     
backcall                 0.2.0      
certifi                  2024.2.2   
charset-normalizer       3.3.2      
click                    8.1.7      
comm                     0.2.2      
contourpy                1.1.1      
cycler                   0.12.1     
datasets                 2.18.0     
debugpy                  1.8.1      
decorator                5.1.1      
dill                     0.3.8      
docker-pycreds           0.4.0      
executing                2.0.1      
filelock                 3.13.3     
fonttools                4.50.0     
frozenlist               1.4.1      
fsspec                   2024.2.0   
gitdb                    4.0.11     
GitPython                3.1.42     
huggingface-hub          0.22.1     
idna                     3.6        
importlib-metadata       7.1.0      
importlib-resources      6.4.0      
ipykernel                6.29.3     
ipython                  8.12.3     
jedi                     0.19.1     
Jinja2                   3.1.3      
joblib                   1.3.2      
jupyter-client           8.6.1      
jupyter-core             5.7.2      
kiwisolver               1.4.5      
MarkupSafe               2.1.5      
matplotlib               3.7.5      
matplotlib-inline        0.1.6      
mpmath                   1.3.0      
multidict                6.0.5      
multiprocess             0.70.16    
nest-asyncio             1.6.0      
networkx                 3.1        
numpy                    1.24.4     
nvidia-cublas-cu12       12.1.3.1   
nvidia-cuda-cupti-cu12   12.1.105   
nvidia-cuda-nvrtc-cu12   12.1.105   
nvidia-cuda-runtime-cu12 12.1.105   
nvidia-cudnn-cu12        8.9.2.26   
nvidia-cufft-cu12        11.0.2.54  
nvidia-curand-cu12       10.3.2.106 
nvidia-cusolver-cu12     11.4.5.107 
nvidia-cusparse-cu12     12.1.0.106 
nvidia-nccl-cu12         2.19.3     
nvidia-nvjitlink-cu12    12.4.99    
nvidia-nvtx-cu12         12.1.105   
packaging                24.0       
pandas                   2.0.3      
parso                    0.8.3      
pexpect                  4.9.0      
pickleshare              0.7.5      
pillow                   10.2.0     
pip                      20.0.2     
pkg-resources            0.0.0      
platformdirs             4.2.0      
prompt-toolkit           3.0.43     
protobuf                 4.25.3     
psutil                   5.9.8      
ptyprocess               0.7.0      
pure-eval                0.2.2      
pyarrow                  15.0.2     
pyarrow-hotfix           0.6        
pygments                 2.17.2     
pyparsing                3.1.2      
python-dateutil          2.9.0.post0
python-dotenv            1.0.1      
pytz                     2024.1     
PyYAML                   6.0.1      
pyzmq                    25.1.2     
regex                    2023.12.25 
requests                 2.31.0     
safetensors              0.4.2      
scikit-learn             1.3.2      
scipy                    1.10.1     
sentence-transformers    2.6.1      
sentry-sdk               1.43.0     
setproctitle             1.3.3      
setuptools               44.0.0     
six                      1.16.0     
smmap                    5.0.1      
stack-data               0.6.3      
sympy                    1.12       
threadpoolctl            3.4.0      
tokenizers               0.15.2     
torch                    2.2.1      
tornado                  6.4        
tqdm                     4.66.2     
traitlets                5.14.2     
transformers             4.39.1     
triton                   2.2.0      
typing-extensions        4.10.0     
tzdata                   2024.1     
urllib3                  2.2.1      
wandb                    0.16.5     
wcwidth                  0.2.13     
xxhash                   3.4.1      
yarl                     1.9.4      
zipp                     3.18.1     
{'loss': 1.2257, 'grad_norm': 7.005956172943115, 'learning_rate': 1.0000000000000002e-06, 'epoch': 0.0}
{'eval_loss': 1.1984502077102661, 'eval_accuracy': 0.3286933550091445, 'eval_runtime': 40.3608, 'eval_samples_per_second': 243.85, 'eval_steps_per_second': 7.631, 'epoch': 0.0}
{'loss': 1.1734, 'grad_norm': 6.4923200607299805, 'learning_rate': 2.0000000000000003e-06, 'epoch': 0.0}
{'eval_loss': 1.1612132787704468, 'eval_accuracy': 0.3286933550091445, 'eval_runtime': 40.8366, 'eval_samples_per_second': 241.009, 'eval_steps_per_second': 7.542, 'epoch': 0.0}
{'loss': 1.1099, 'grad_norm': 4.25889778137207, 'learning_rate': 3e-06, 'epoch': 0.0}
{'eval_loss': 1.1212562322616577, 'eval_accuracy': 0.3286933550091445, 'eval_runtime': 40.7574, 'eval_samples_per_second': 241.478, 'eval_steps_per_second': 7.557, 'epoch': 0.0}
{'loss': 1.1124, 'grad_norm': 2.100111961364746, 'learning_rate': 4.000000000000001e-06, 'epoch': 0.0}
{'eval_loss': 1.1050406694412231, 'eval_accuracy': 0.3331639910587279, 'eval_runtime': 41.0708, 'eval_samples_per_second': 239.635, 'eval_steps_per_second': 7.499, 'epoch': 0.0}
{'loss': 1.1116, 'grad_norm': 2.3293309211730957, 'learning_rate': 5e-06, 'epoch': 0.0}
{'eval_loss': 1.0972654819488525, 'eval_accuracy': 0.33448486080065026, 'eval_runtime': 41.2293, 'eval_samples_per_second': 238.714, 'eval_steps_per_second': 7.47, 'epoch': 0.0}
{'loss': 1.1059, 'grad_norm': 2.0447614192962646, 'learning_rate': 6e-06, 'epoch': 0.0}
{'eval_loss': 1.0912810564041138, 'eval_accuracy': 0.3911806543385491, 'eval_runtime': 41.2847, 'eval_samples_per_second': 238.393, 'eval_steps_per_second': 7.46, 'epoch': 0.0}
{'loss': 1.0801, 'grad_norm': 2.4217116832733154, 'learning_rate': 7.000000000000001e-06, 'epoch': 0.0}
{'eval_loss': 1.0879414081573486, 'eval_accuracy': 0.42460881934566147, 'eval_runtime': 41.3389, 'eval_samples_per_second': 238.081, 'eval_steps_per_second': 7.451, 'epoch': 0.0}
{'loss': 1.0874, 'grad_norm': 2.3548948764801025, 'learning_rate': 8.000000000000001e-06, 'epoch': 0.0}
{'eval_loss': 1.0797078609466553, 'eval_accuracy': 0.41983336720178827, 'eval_runtime': 41.4509, 'eval_samples_per_second': 237.437, 'eval_steps_per_second': 7.43, 'epoch': 0.0}
{'loss': 1.0821, 'grad_norm': 2.084583044052124, 'learning_rate': 9e-06, 'epoch': 0.01}
{'eval_loss': 1.0737639665603638, 'eval_accuracy': 0.398597845966267, 'eval_runtime': 41.2558, 'eval_samples_per_second': 238.56, 'eval_steps_per_second': 7.466, 'epoch': 0.01}
{'loss': 1.0777, 'grad_norm': 2.3476808071136475, 'learning_rate': 1e-05, 'epoch': 0.01}
{'eval_loss': 1.0592879056930542, 'eval_accuracy': 0.4768339768339768, 'eval_runtime': 41.1668, 'eval_samples_per_second': 239.076, 'eval_steps_per_second': 7.482, 'epoch': 0.01}
{'loss': 1.0509, 'grad_norm': 3.447218894958496, 'learning_rate': 1.1000000000000001e-05, 'epoch': 0.01}
{'eval_loss': 1.0564963817596436, 'eval_accuracy': 0.4618979882137777, 'eval_runtime': 41.3542, 'eval_samples_per_second': 237.993, 'eval_steps_per_second': 7.448, 'epoch': 0.01}
{'loss': 1.0434, 'grad_norm': 3.741753101348877, 'learning_rate': 1.2e-05, 'epoch': 0.01}
{'eval_loss': 0.996724009513855, 'eval_accuracy': 0.5364763259500102, 'eval_runtime': 41.0059, 'eval_samples_per_second': 240.014, 'eval_steps_per_second': 7.511, 'epoch': 0.01}
{'loss': 0.976, 'grad_norm': 5.97061824798584, 'learning_rate': 1.3000000000000001e-05, 'epoch': 0.01}
{'eval_loss': 0.9486992359161377, 'eval_accuracy': 0.5761024182076814, 'eval_runtime': 41.5978, 'eval_samples_per_second': 236.599, 'eval_steps_per_second': 7.404, 'epoch': 0.01}
{'loss': 0.9655, 'grad_norm': 5.636674880981445, 'learning_rate': 1.4000000000000001e-05, 'epoch': 0.01}
{'eval_loss': 0.891705334186554, 'eval_accuracy': 0.5887014834383255, 'eval_runtime': 41.5684, 'eval_samples_per_second': 236.766, 'eval_steps_per_second': 7.409, 'epoch': 0.01}
{'loss': 0.9291, 'grad_norm': 6.566466808319092, 'learning_rate': 1.5e-05, 'epoch': 0.01}
{'eval_loss': 0.8238319754600525, 'eval_accuracy': 0.641739483844747, 'eval_runtime': 41.6576, 'eval_samples_per_second': 236.259, 'eval_steps_per_second': 7.394, 'epoch': 0.01}
{'loss': 0.8809, 'grad_norm': 10.148759841918945, 'learning_rate': 1.6000000000000003e-05, 'epoch': 0.01}
{'eval_loss': 0.7943841814994812, 'eval_accuracy': 0.6561674456411298, 'eval_runtime': 41.5969, 'eval_samples_per_second': 236.604, 'eval_steps_per_second': 7.404, 'epoch': 0.01}
{'loss': 0.874, 'grad_norm': 7.509035110473633, 'learning_rate': 1.7000000000000003e-05, 'epoch': 0.01}
{'eval_loss': 0.8075007796287537, 'eval_accuracy': 0.65149359886202, 'eval_runtime': 41.5096, 'eval_samples_per_second': 237.102, 'eval_steps_per_second': 7.42, 'epoch': 0.01}
{'loss': 0.8589, 'grad_norm': 6.108214855194092, 'learning_rate': 1.8e-05, 'epoch': 0.01}
{'eval_loss': 0.7508750557899475, 'eval_accuracy': 0.6819752082909978, 'eval_runtime': 41.4044, 'eval_samples_per_second': 237.704, 'eval_steps_per_second': 7.439, 'epoch': 0.01}
{'loss': 0.8003, 'grad_norm': 8.727648735046387, 'learning_rate': 1.9e-05, 'epoch': 0.01}
{'eval_loss': 0.7203109860420227, 'eval_accuracy': 0.7038203617150985, 'eval_runtime': 41.3388, 'eval_samples_per_second': 238.082, 'eval_steps_per_second': 7.451, 'epoch': 0.01}
{'loss': 0.6973, 'grad_norm': 7.730145454406738, 'learning_rate': 2e-05, 'epoch': 0.01}
{'eval_loss': 0.6870611906051636, 'eval_accuracy': 0.7179435074171916, 'eval_runtime': 41.3072, 'eval_samples_per_second': 238.264, 'eval_steps_per_second': 7.456, 'epoch': 0.01}
{'loss': 0.7833, 'grad_norm': 9.20361614227295, 'learning_rate': 2.1e-05, 'epoch': 0.01}
{'eval_loss': 0.7032597661018372, 'eval_accuracy': 0.708290997764682, 'eval_runtime': 40.5385, 'eval_samples_per_second': 242.781, 'eval_steps_per_second': 7.598, 'epoch': 0.01}
{'loss': 0.709, 'grad_norm': 10.077075958251953, 'learning_rate': 2.2000000000000003e-05, 'epoch': 0.01}
{'eval_loss': 0.682962954044342, 'eval_accuracy': 0.7195691932534037, 'eval_runtime': 41.4901, 'eval_samples_per_second': 237.213, 'eval_steps_per_second': 7.423, 'epoch': 0.01}
{'loss': 0.736, 'grad_norm': 9.830649375915527, 'learning_rate': 2.3000000000000003e-05, 'epoch': 0.01}
{'eval_loss': 0.679760217666626, 'eval_accuracy': 0.7293233082706767, 'eval_runtime': 41.7371, 'eval_samples_per_second': 235.809, 'eval_steps_per_second': 7.38, 'epoch': 0.01}
{'loss': 0.7319, 'grad_norm': 11.714780807495117, 'learning_rate': 2.4e-05, 'epoch': 0.01}
{'eval_loss': 0.6685080528259277, 'eval_accuracy': 0.7339971550497866, 'eval_runtime': 41.7184, 'eval_samples_per_second': 235.915, 'eval_steps_per_second': 7.383, 'epoch': 0.01}
{'loss': 0.6606, 'grad_norm': 6.001368522644043, 'learning_rate': 2.5e-05, 'epoch': 0.01}
{'eval_loss': 0.6342822909355164, 'eval_accuracy': 0.7426336110546636, 'eval_runtime': 41.7466, 'eval_samples_per_second': 235.756, 'eval_steps_per_second': 7.378, 'epoch': 0.01}
{'loss': 0.7426, 'grad_norm': 13.517733573913574, 'learning_rate': 2.6000000000000002e-05, 'epoch': 0.02}
{'eval_loss': 0.6382582187652588, 'eval_accuracy': 0.7481203007518797, 'eval_runtime': 41.4846, 'eval_samples_per_second': 237.245, 'eval_steps_per_second': 7.424, 'epoch': 0.02}
{'loss': 0.688, 'grad_norm': 10.19957447052002, 'learning_rate': 2.7000000000000002e-05, 'epoch': 0.02}
{'eval_loss': 0.6643816232681274, 'eval_accuracy': 0.7228205649258281, 'eval_runtime': 41.3914, 'eval_samples_per_second': 237.779, 'eval_steps_per_second': 7.441, 'epoch': 0.02}
{'loss': 0.7344, 'grad_norm': 8.41135311126709, 'learning_rate': 2.8000000000000003e-05, 'epoch': 0.02}
{'eval_loss': 0.6572296619415283, 'eval_accuracy': 0.740804714488925, 'eval_runtime': 41.3374, 'eval_samples_per_second': 238.089, 'eval_steps_per_second': 7.451, 'epoch': 0.02}
{'loss': 0.7413, 'grad_norm': 10.755349159240723, 'learning_rate': 2.9e-05, 'epoch': 0.02}
{'eval_loss': 0.6395293474197388, 'eval_accuracy': 0.743548059337533, 'eval_runtime': 41.3491, 'eval_samples_per_second': 238.022, 'eval_steps_per_second': 7.449, 'epoch': 0.02}
{'loss': 0.6761, 'grad_norm': 5.8364081382751465, 'learning_rate': 3e-05, 'epoch': 0.02}
{'eval_loss': 0.6085121631622314, 'eval_accuracy': 0.757671205039626, 'eval_runtime': 41.5454, 'eval_samples_per_second': 236.897, 'eval_steps_per_second': 7.414, 'epoch': 0.02}
{'loss': 0.7205, 'grad_norm': 6.02247428894043, 'learning_rate': 3.1e-05, 'epoch': 0.02}
{'eval_loss': 0.6225081086158752, 'eval_accuracy': 0.7566551513919935, 'eval_runtime': 40.319, 'eval_samples_per_second': 244.104, 'eval_steps_per_second': 7.639, 'epoch': 0.02}
{'loss': 0.671, 'grad_norm': 6.319860458374023, 'learning_rate': 3.2000000000000005e-05, 'epoch': 0.02}
{'eval_loss': 0.6020492315292358, 'eval_accuracy': 0.7579760211339158, 'eval_runtime': 40.7681, 'eval_samples_per_second': 241.414, 'eval_steps_per_second': 7.555, 'epoch': 0.02}
{'loss': 0.6711, 'grad_norm': 6.203079700469971, 'learning_rate': 3.3e-05, 'epoch': 0.02}
{'eval_loss': 0.6005650758743286, 'eval_accuracy': 0.7654948181263971, 'eval_runtime': 41.5904, 'eval_samples_per_second': 236.641, 'eval_steps_per_second': 7.406, 'epoch': 0.02}
{'loss': 0.6274, 'grad_norm': 5.77952766418457, 'learning_rate': 3.4000000000000007e-05, 'epoch': 0.02}
{'eval_loss': 0.6748741269111633, 'eval_accuracy': 0.7320666531192846, 'eval_runtime': 41.6006, 'eval_samples_per_second': 236.583, 'eval_steps_per_second': 7.404, 'epoch': 0.02}
{'loss': 0.6218, 'grad_norm': 9.390719413757324, 'learning_rate': 3.5e-05, 'epoch': 0.02}
{'eval_loss': 0.625133752822876, 'eval_accuracy': 0.7510668563300142, 'eval_runtime': 41.9501, 'eval_samples_per_second': 234.612, 'eval_steps_per_second': 7.342, 'epoch': 0.02}
{'loss': 0.7309, 'grad_norm': 10.808521270751953, 'learning_rate': 3.6e-05, 'epoch': 0.02}
{'eval_loss': 0.632899820804596, 'eval_accuracy': 0.7497459865880919, 'eval_runtime': 41.6241, 'eval_samples_per_second': 236.45, 'eval_steps_per_second': 7.4, 'epoch': 0.02}
{'loss': 0.6943, 'grad_norm': 5.327358722686768, 'learning_rate': 3.7e-05, 'epoch': 0.02}
{'eval_loss': 0.6108753681182861, 'eval_accuracy': 0.7636659215606584, 'eval_runtime': 41.2247, 'eval_samples_per_second': 238.74, 'eval_steps_per_second': 7.471, 'epoch': 0.02}
{'loss': 0.7436, 'grad_norm': 9.82905387878418, 'learning_rate': 3.8e-05, 'epoch': 0.02}
{'eval_loss': 0.6116767525672913, 'eval_accuracy': 0.751778093883357, 'eval_runtime': 41.1572, 'eval_samples_per_second': 239.132, 'eval_steps_per_second': 7.484, 'epoch': 0.02}
{'loss': 0.7189, 'grad_norm': 11.570070266723633, 'learning_rate': 3.9000000000000006e-05, 'epoch': 0.02}
{'eval_loss': 0.5965766906738281, 'eval_accuracy': 0.7651900020321073, 'eval_runtime': 41.0419, 'eval_samples_per_second': 239.804, 'eval_steps_per_second': 7.505, 'epoch': 0.02}
{'loss': 0.6429, 'grad_norm': 9.681483268737793, 'learning_rate': 4e-05, 'epoch': 0.02}
{'eval_loss': 0.5711183547973633, 'eval_accuracy': 0.7766714082503556, 'eval_runtime': 40.9761, 'eval_samples_per_second': 240.189, 'eval_steps_per_second': 7.517, 'epoch': 0.02}
{'loss': 0.6191, 'grad_norm': 8.675759315490723, 'learning_rate': 4.1e-05, 'epoch': 0.02}
{'eval_loss': 0.618817925453186, 'eval_accuracy': 0.7512700670595407, 'eval_runtime': 40.4062, 'eval_samples_per_second': 243.577, 'eval_steps_per_second': 7.623, 'epoch': 0.02}
{'loss': 0.5617, 'grad_norm': 5.586557865142822, 'learning_rate': 4.2e-05, 'epoch': 0.02}
{'eval_loss': 0.5836871266365051, 'eval_accuracy': 0.7690510058931112, 'eval_runtime': 40.8327, 'eval_samples_per_second': 241.032, 'eval_steps_per_second': 7.543, 'epoch': 0.02}
{'loss': 0.6159, 'grad_norm': 7.463175296783447, 'learning_rate': 4.3e-05, 'epoch': 0.03}
{'eval_loss': 0.5732781291007996, 'eval_accuracy': 0.7727087990245884, 'eval_runtime': 41.3324, 'eval_samples_per_second': 238.118, 'eval_steps_per_second': 7.452, 'epoch': 0.03}
{'loss': 0.618, 'grad_norm': 4.785843372344971, 'learning_rate': 4.4000000000000006e-05, 'epoch': 0.03}
{'eval_loss': 0.5768677592277527, 'eval_accuracy': 0.7722007722007722, 'eval_runtime': 41.4705, 'eval_samples_per_second': 237.325, 'eval_steps_per_second': 7.427, 'epoch': 0.03}
{'loss': 0.6869, 'grad_norm': 10.037466049194336, 'learning_rate': 4.5e-05, 'epoch': 0.03}
{'eval_loss': 0.5757468938827515, 'eval_accuracy': 0.7711847185531396, 'eval_runtime': 41.423, 'eval_samples_per_second': 237.598, 'eval_steps_per_second': 7.435, 'epoch': 0.03}
{'loss': 0.6558, 'grad_norm': 6.272629737854004, 'learning_rate': 4.600000000000001e-05, 'epoch': 0.03}
{'eval_loss': 0.6030502319335938, 'eval_accuracy': 0.7501524080471449, 'eval_runtime': 41.2542, 'eval_samples_per_second': 238.57, 'eval_steps_per_second': 7.466, 'epoch': 0.03}
{'loss': 0.6974, 'grad_norm': 6.679806232452393, 'learning_rate': 4.7e-05, 'epoch': 0.03}
{'eval_loss': 0.5625585317611694, 'eval_accuracy': 0.7800243852875431, 'eval_runtime': 41.1597, 'eval_samples_per_second': 239.117, 'eval_steps_per_second': 7.483, 'epoch': 0.03}
{'loss': 0.5811, 'grad_norm': 5.550508499145508, 'learning_rate': 4.8e-05, 'epoch': 0.03}
{'eval_loss': 0.5493958592414856, 'eval_accuracy': 0.783478967689494, 'eval_runtime': 41.5484, 'eval_samples_per_second': 236.88, 'eval_steps_per_second': 7.413, 'epoch': 0.03}
{'loss': 0.7033, 'grad_norm': 8.667159080505371, 'learning_rate': 4.9e-05, 'epoch': 0.03}
{'eval_loss': 0.6470005512237549, 'eval_accuracy': 0.7400934769355823, 'eval_runtime': 40.967, 'eval_samples_per_second': 240.242, 'eval_steps_per_second': 7.518, 'epoch': 0.03}
{'loss': 0.653, 'grad_norm': 5.428471088409424, 'learning_rate': 5e-05, 'epoch': 0.03}
{'eval_loss': 0.5736615061759949, 'eval_accuracy': 0.7763665921560658, 'eval_runtime': 40.9786, 'eval_samples_per_second': 240.174, 'eval_steps_per_second': 7.516, 'epoch': 0.03}
{'loss': 0.6342, 'grad_norm': 8.300921440124512, 'learning_rate': 4.9994141082727914e-05, 'epoch': 0.03}
{'eval_loss': 0.5767402052879333, 'eval_accuracy': 0.7689494005283479, 'eval_runtime': 40.4448, 'eval_samples_per_second': 243.344, 'eval_steps_per_second': 7.615, 'epoch': 0.03}
{'loss': 0.7243, 'grad_norm': 4.836513519287109, 'learning_rate': 4.9988282165455826e-05, 'epoch': 0.03}
{'eval_loss': 0.5545953512191772, 'eval_accuracy': 0.7795163584637269, 'eval_runtime': 40.9607, 'eval_samples_per_second': 240.279, 'eval_steps_per_second': 7.519, 'epoch': 0.03}
{'loss': 0.6392, 'grad_norm': 9.489335060119629, 'learning_rate': 4.998242324818374e-05, 'epoch': 0.03}
{'eval_loss': 0.5571003556251526, 'eval_accuracy': 0.7778906726275148, 'eval_runtime': 41.4245, 'eval_samples_per_second': 237.589, 'eval_steps_per_second': 7.435, 'epoch': 0.03}
{'loss': 0.6067, 'grad_norm': 8.388218879699707, 'learning_rate': 4.997656433091165e-05, 'epoch': 0.03}
{'eval_loss': 0.6222827434539795, 'eval_accuracy': 0.7575695996748628, 'eval_runtime': 41.4215, 'eval_samples_per_second': 237.606, 'eval_steps_per_second': 7.436, 'epoch': 0.03}
{'loss': 0.6104, 'grad_norm': 5.502236843109131, 'learning_rate': 4.997070541363956e-05, 'epoch': 0.03}
{'eval_loss': 0.5773776769638062, 'eval_accuracy': 0.7743344848608007, 'eval_runtime': 41.3953, 'eval_samples_per_second': 237.757, 'eval_steps_per_second': 7.44, 'epoch': 0.03}
{'loss': 0.7032, 'grad_norm': 9.221841812133789, 'learning_rate': 4.996484649636747e-05, 'epoch': 0.03}
{'eval_loss': 0.5950952768325806, 'eval_accuracy': 0.7553342816500711, 'eval_runtime': 41.3297, 'eval_samples_per_second': 238.134, 'eval_steps_per_second': 7.452, 'epoch': 0.03}
{'loss': 0.5772, 'grad_norm': 4.446587085723877, 'learning_rate': 4.9958987579095384e-05, 'epoch': 0.03}
{'eval_loss': 0.5709767937660217, 'eval_accuracy': 0.7747409063198537, 'eval_runtime': 41.3029, 'eval_samples_per_second': 238.288, 'eval_steps_per_second': 7.457, 'epoch': 0.03}
{'loss': 0.6226, 'grad_norm': 7.745818138122559, 'learning_rate': 4.9953128661823296e-05, 'epoch': 0.03}
{'eval_loss': 0.5569342374801636, 'eval_accuracy': 0.7813452550294655, 'eval_runtime': 41.129, 'eval_samples_per_second': 239.296, 'eval_steps_per_second': 7.489, 'epoch': 0.03}
{'loss': 0.62, 'grad_norm': 4.930992603302002, 'learning_rate': 4.9947269744551214e-05, 'epoch': 0.03}
{'eval_loss': 0.5834583640098572, 'eval_accuracy': 0.7677301361511888, 'eval_runtime': 41.1082, 'eval_samples_per_second': 239.417, 'eval_steps_per_second': 7.492, 'epoch': 0.03}
{'loss': 0.6452, 'grad_norm': 10.690242767333984, 'learning_rate': 4.9941410827279126e-05, 'epoch': 0.03}
{'eval_loss': 0.6210368275642395, 'eval_accuracy': 0.7481203007518797, 'eval_runtime': 40.9877, 'eval_samples_per_second': 240.121, 'eval_steps_per_second': 7.514, 'epoch': 0.03}
{'loss': 0.6003, 'grad_norm': 6.505354404449463, 'learning_rate': 4.993555191000703e-05, 'epoch': 0.04}
{'eval_loss': 0.5413556694984436, 'eval_accuracy': 0.7901849217638691, 'eval_runtime': 41.0348, 'eval_samples_per_second': 239.845, 'eval_steps_per_second': 7.506, 'epoch': 0.04}
{'loss': 0.5707, 'grad_norm': 8.8575439453125, 'learning_rate': 4.992969299273494e-05, 'epoch': 0.04}
{'eval_loss': 0.5703400373458862, 'eval_accuracy': 0.7801259906523065, 'eval_runtime': 42.4103, 'eval_samples_per_second': 232.066, 'eval_steps_per_second': 7.262, 'epoch': 0.04}
{'loss': 0.7297, 'grad_norm': 6.0132975578308105, 'learning_rate': 4.9923834075462854e-05, 'epoch': 0.04}
{'eval_loss': 0.5762667059898376, 'eval_accuracy': 0.7730136151188782, 'eval_runtime': 41.7282, 'eval_samples_per_second': 235.86, 'eval_steps_per_second': 7.381, 'epoch': 0.04}
{'loss': 0.5279, 'grad_norm': 6.507102012634277, 'learning_rate': 4.9917975158190766e-05, 'epoch': 0.04}
{'eval_loss': 0.5489330887794495, 'eval_accuracy': 0.7887624466571835, 'eval_runtime': 41.4677, 'eval_samples_per_second': 237.341, 'eval_steps_per_second': 7.427, 'epoch': 0.04}
{'loss': 0.6606, 'grad_norm': 8.86145305633545, 'learning_rate': 4.9912116240918684e-05, 'epoch': 0.04}
{'eval_loss': 0.5831194519996643, 'eval_accuracy': 0.7675269254216622, 'eval_runtime': 41.504, 'eval_samples_per_second': 237.134, 'eval_steps_per_second': 7.421, 'epoch': 0.04}
{'loss': 0.5957, 'grad_norm': 5.876102924346924, 'learning_rate': 4.9906257323646596e-05, 'epoch': 0.04}
{'eval_loss': 0.5234395861625671, 'eval_accuracy': 0.8003454582401951, 'eval_runtime': 41.4542, 'eval_samples_per_second': 237.419, 'eval_steps_per_second': 7.43, 'epoch': 0.04}
{'loss': 0.5349, 'grad_norm': 7.1482834815979, 'learning_rate': 4.990039840637451e-05, 'epoch': 0.04}
{'eval_loss': 0.5269181728363037, 'eval_accuracy': 0.7970940865677708, 'eval_runtime': 41.3714, 'eval_samples_per_second': 237.894, 'eval_steps_per_second': 7.445, 'epoch': 0.04}
{'loss': 0.563, 'grad_norm': 6.325644493103027, 'learning_rate': 4.989453948910241e-05, 'epoch': 0.04}
{'eval_loss': 0.5259536504745483, 'eval_accuracy': 0.7934362934362934, 'eval_runtime': 41.6277, 'eval_samples_per_second': 236.429, 'eval_steps_per_second': 7.399, 'epoch': 0.04}
{'loss': 0.7227, 'grad_norm': 11.462313652038574, 'learning_rate': 4.9888680571830324e-05, 'epoch': 0.04}
{'eval_loss': 0.5999746322631836, 'eval_accuracy': 0.7608209713472871, 'eval_runtime': 41.2734, 'eval_samples_per_second': 238.459, 'eval_steps_per_second': 7.462, 'epoch': 0.04}
{'loss': 0.6188, 'grad_norm': 3.3966450691223145, 'learning_rate': 4.988282165455824e-05, 'epoch': 0.04}
{'eval_loss': 0.5625722408294678, 'eval_accuracy': 0.7748425116846169, 'eval_runtime': 41.4351, 'eval_samples_per_second': 237.528, 'eval_steps_per_second': 7.433, 'epoch': 0.04}
{'loss': 0.5568, 'grad_norm': 6.309489727020264, 'learning_rate': 4.9876962737286154e-05, 'epoch': 0.04}
{'eval_loss': 0.5299292206764221, 'eval_accuracy': 0.7868319447266816, 'eval_runtime': 40.3205, 'eval_samples_per_second': 244.094, 'eval_steps_per_second': 7.639, 'epoch': 0.04}
{'loss': 0.5959, 'grad_norm': 7.761837482452393, 'learning_rate': 4.9871103820014066e-05, 'epoch': 0.04}
{'eval_loss': 0.5242450833320618, 'eval_accuracy': 0.7952651900020321, 'eval_runtime': 40.8382, 'eval_samples_per_second': 241.0, 'eval_steps_per_second': 7.542, 'epoch': 0.04}
{'loss': 0.5985, 'grad_norm': 7.5241522789001465, 'learning_rate': 4.986524490274198e-05, 'epoch': 0.04}
{'eval_loss': 0.5334092378616333, 'eval_accuracy': 0.7909977646819752, 'eval_runtime': 41.3941, 'eval_samples_per_second': 237.763, 'eval_steps_per_second': 7.441, 'epoch': 0.04}
{'loss': 0.6023, 'grad_norm': 6.412718772888184, 'learning_rate': 4.985938598546989e-05, 'epoch': 0.04}
{'eval_loss': 0.5890970230102539, 'eval_accuracy': 0.7550294655557813, 'eval_runtime': 41.4048, 'eval_samples_per_second': 237.702, 'eval_steps_per_second': 7.439, 'epoch': 0.04}
{'loss': 0.5907, 'grad_norm': 7.239800453186035, 'learning_rate': 4.9853527068197794e-05, 'epoch': 0.04}
{'eval_loss': 0.5410748720169067, 'eval_accuracy': 0.7845966267018899, 'eval_runtime': 41.472, 'eval_samples_per_second': 237.317, 'eval_steps_per_second': 7.427, 'epoch': 0.04}
{'loss': 0.5268, 'grad_norm': 6.58756160736084, 'learning_rate': 4.984766815092571e-05, 'epoch': 0.04}
{'eval_loss': 0.5245712995529175, 'eval_accuracy': 0.7951635846372689, 'eval_runtime': 41.4046, 'eval_samples_per_second': 237.703, 'eval_steps_per_second': 7.439, 'epoch': 0.04}
{'loss': 0.6072, 'grad_norm': 7.2454094886779785, 'learning_rate': 4.9841809233653624e-05, 'epoch': 0.04}
{'eval_loss': 0.5055336356163025, 'eval_accuracy': 0.8060353586669377, 'eval_runtime': 41.2806, 'eval_samples_per_second': 238.417, 'eval_steps_per_second': 7.461, 'epoch': 0.04}
{'loss': 0.5592, 'grad_norm': 9.654526710510254, 'learning_rate': 4.9835950316381536e-05, 'epoch': 0.05}
{'eval_loss': 0.5272189974784851, 'eval_accuracy': 0.7994310099573257, 'eval_runtime': 41.2889, 'eval_samples_per_second': 238.369, 'eval_steps_per_second': 7.46, 'epoch': 0.05}
{'loss': 0.6244, 'grad_norm': 6.397059440612793, 'learning_rate': 4.983009139910945e-05, 'epoch': 0.05}
{'eval_loss': 0.5280312895774841, 'eval_accuracy': 0.7931314773420036, 'eval_runtime': 41.1551, 'eval_samples_per_second': 239.144, 'eval_steps_per_second': 7.484, 'epoch': 0.05}
{'loss': 0.6624, 'grad_norm': 6.215217590332031, 'learning_rate': 4.982423248183736e-05, 'epoch': 0.05}
{'eval_loss': 0.5224199891090393, 'eval_accuracy': 0.7950619792725055, 'eval_runtime': 41.0297, 'eval_samples_per_second': 239.875, 'eval_steps_per_second': 7.507, 'epoch': 0.05}
{'loss': 0.61, 'grad_norm': 6.992055892944336, 'learning_rate': 4.981837356456527e-05, 'epoch': 0.05}
{'eval_loss': 0.5226766467094421, 'eval_accuracy': 0.7968908758382443, 'eval_runtime': 40.2864, 'eval_samples_per_second': 244.301, 'eval_steps_per_second': 7.645, 'epoch': 0.05}
{'loss': 0.5468, 'grad_norm': 5.5612616539001465, 'learning_rate': 4.981251464729318e-05, 'epoch': 0.05}
{'eval_loss': 0.5359560251235962, 'eval_accuracy': 0.7952651900020321, 'eval_runtime': 40.7326, 'eval_samples_per_second': 241.625, 'eval_steps_per_second': 7.562, 'epoch': 0.05}
{'loss': 0.5179, 'grad_norm': 8.428611755371094, 'learning_rate': 4.9806655730021094e-05, 'epoch': 0.05}
{'eval_loss': 0.5463605523109436, 'eval_accuracy': 0.7972972972972973, 'eval_runtime': 41.4606, 'eval_samples_per_second': 237.382, 'eval_steps_per_second': 7.429, 'epoch': 0.05}
{'loss': 0.6702, 'grad_norm': 3.664799690246582, 'learning_rate': 4.9800796812749006e-05, 'epoch': 0.05}
{'eval_loss': 0.5473430752754211, 'eval_accuracy': 0.7906929485876855, 'eval_runtime': 41.4229, 'eval_samples_per_second': 237.598, 'eval_steps_per_second': 7.436, 'epoch': 0.05}
{'loss': 0.5748, 'grad_norm': 6.294922351837158, 'learning_rate': 4.979493789547692e-05, 'epoch': 0.05}
{'eval_loss': 0.5380554795265198, 'eval_accuracy': 0.7934362934362934, 'eval_runtime': 41.4162, 'eval_samples_per_second': 237.636, 'eval_steps_per_second': 7.437, 'epoch': 0.05}
{'loss': 0.5735, 'grad_norm': 6.6450347900390625, 'learning_rate': 4.978907897820483e-05, 'epoch': 0.05}
{'eval_loss': 0.5151482820510864, 'eval_accuracy': 0.8028855923592766, 'eval_runtime': 41.4048, 'eval_samples_per_second': 237.702, 'eval_steps_per_second': 7.439, 'epoch': 0.05}
{'loss': 0.5922, 'grad_norm': 5.003448963165283, 'learning_rate': 4.978322006093274e-05, 'epoch': 0.05}
{'eval_loss': 0.5322707295417786, 'eval_accuracy': 0.7948587685429791, 'eval_runtime': 41.243, 'eval_samples_per_second': 238.634, 'eval_steps_per_second': 7.468, 'epoch': 0.05}
{'loss': 0.6175, 'grad_norm': 7.302391529083252, 'learning_rate': 4.977736114366065e-05, 'epoch': 0.05}
{'eval_loss': 0.508630633354187, 'eval_accuracy': 0.8051209103840683, 'eval_runtime': 41.1392, 'eval_samples_per_second': 239.237, 'eval_steps_per_second': 7.487, 'epoch': 0.05}
{'loss': 0.5913, 'grad_norm': 5.1651506423950195, 'learning_rate': 4.9771502226388564e-05, 'epoch': 0.05}
{'eval_loss': 0.505154550075531, 'eval_accuracy': 0.8029871977240398, 'eval_runtime': 41.0972, 'eval_samples_per_second': 239.481, 'eval_steps_per_second': 7.494, 'epoch': 0.05}
{'loss': 0.5621, 'grad_norm': 5.990335464477539, 'learning_rate': 4.9765643309116476e-05, 'epoch': 0.05}
{'eval_loss': 0.5189648866653442, 'eval_accuracy': 0.8027839869945134, 'eval_runtime': 40.9663, 'eval_samples_per_second': 240.247, 'eval_steps_per_second': 7.518, 'epoch': 0.05}
{'loss': 0.5413, 'grad_norm': 11.156481742858887, 'learning_rate': 4.975978439184439e-05, 'epoch': 0.05}
{'eval_loss': 0.5199942588806152, 'eval_accuracy': 0.7993294045925625, 'eval_runtime': 40.1958, 'eval_samples_per_second': 244.852, 'eval_steps_per_second': 7.662, 'epoch': 0.05}
{'loss': 0.5607, 'grad_norm': 6.143485069274902, 'learning_rate': 4.97539254745723e-05, 'epoch': 0.05}
{'eval_loss': 0.5243580341339111, 'eval_accuracy': 0.7963828490144279, 'eval_runtime': 40.6505, 'eval_samples_per_second': 242.113, 'eval_steps_per_second': 7.577, 'epoch': 0.05}
{'loss': 0.5489, 'grad_norm': 4.229311943054199, 'learning_rate': 4.974806655730022e-05, 'epoch': 0.05}
{'eval_loss': 0.5102880001068115, 'eval_accuracy': 0.8003454582401951, 'eval_runtime': 41.0246, 'eval_samples_per_second': 239.905, 'eval_steps_per_second': 7.508, 'epoch': 0.05}
{'loss': 0.5549, 'grad_norm': 5.442470550537109, 'learning_rate': 4.974220764002813e-05, 'epoch': 0.05}
{'eval_loss': 0.5071862936019897, 'eval_accuracy': 0.8049176996545417, 'eval_runtime': 41.3519, 'eval_samples_per_second': 238.006, 'eval_steps_per_second': 7.448, 'epoch': 0.05}
{'loss': 0.6237, 'grad_norm': 8.707526206970215, 'learning_rate': 4.973634872275604e-05, 'epoch': 0.06}
{'eval_loss': 0.5112769603729248, 'eval_accuracy': 0.7972972972972973, 'eval_runtime': 41.2581, 'eval_samples_per_second': 238.547, 'eval_steps_per_second': 7.465, 'epoch': 0.06}
{'loss': 0.5355, 'grad_norm': 7.646500110626221, 'learning_rate': 4.9730489805483946e-05, 'epoch': 0.06}
{'eval_loss': 0.49655207991600037, 'eval_accuracy': 0.8090835196098354, 'eval_runtime': 41.4595, 'eval_samples_per_second': 237.388, 'eval_steps_per_second': 7.429, 'epoch': 0.06}
{'loss': 0.5362, 'grad_norm': 5.853414058685303, 'learning_rate': 4.972463088821186e-05, 'epoch': 0.06}
{'eval_loss': 0.4990573823451996, 'eval_accuracy': 0.8029871977240398, 'eval_runtime': 41.2275, 'eval_samples_per_second': 238.724, 'eval_steps_per_second': 7.471, 'epoch': 0.06}
{'loss': 0.5737, 'grad_norm': 6.412113189697266, 'learning_rate': 4.971877197093977e-05, 'epoch': 0.06}
{'eval_loss': 0.4952683448791504, 'eval_accuracy': 0.8090835196098354, 'eval_runtime': 41.2564, 'eval_samples_per_second': 238.557, 'eval_steps_per_second': 7.466, 'epoch': 0.06}
{'loss': 0.5841, 'grad_norm': 4.646224021911621, 'learning_rate': 4.971291305366769e-05, 'epoch': 0.06}
{'eval_loss': 0.4956885278224945, 'eval_accuracy': 0.810099573257468, 'eval_runtime': 41.0394, 'eval_samples_per_second': 239.818, 'eval_steps_per_second': 7.505, 'epoch': 0.06}
{'loss': 0.6014, 'grad_norm': 5.423748970031738, 'learning_rate': 4.97070541363956e-05, 'epoch': 0.06}
{'eval_loss': 0.4878280460834503, 'eval_accuracy': 0.8110140215403373, 'eval_runtime': 41.1793, 'eval_samples_per_second': 239.004, 'eval_steps_per_second': 7.479, 'epoch': 0.06}
{'loss': 0.6018, 'grad_norm': 5.868529319763184, 'learning_rate': 4.970119521912351e-05, 'epoch': 0.06}
{'eval_loss': 0.5349946022033691, 'eval_accuracy': 0.7965860597439545, 'eval_runtime': 40.5216, 'eval_samples_per_second': 242.883, 'eval_steps_per_second': 7.601, 'epoch': 0.06}
{'loss': 0.5622, 'grad_norm': 9.081076622009277, 'learning_rate': 4.969533630185142e-05, 'epoch': 0.06}
{'eval_loss': 0.5515628457069397, 'eval_accuracy': 0.7757569599674863, 'eval_runtime': 41.6831, 'eval_samples_per_second': 236.115, 'eval_steps_per_second': 7.389, 'epoch': 0.06}
{'loss': 0.5134, 'grad_norm': 6.513146877288818, 'learning_rate': 4.968947738457933e-05, 'epoch': 0.06}
{'eval_loss': 0.5050084590911865, 'eval_accuracy': 0.8047144889250153, 'eval_runtime': 41.5637, 'eval_samples_per_second': 236.793, 'eval_steps_per_second': 7.41, 'epoch': 0.06}
{'loss': 0.5239, 'grad_norm': 4.6543660163879395, 'learning_rate': 4.968361846730724e-05, 'epoch': 0.06}
{'eval_loss': 0.476397305727005, 'eval_accuracy': 0.8107092054460475, 'eval_runtime': 41.548, 'eval_samples_per_second': 236.883, 'eval_steps_per_second': 7.413, 'epoch': 0.06}
{'loss': 0.4779, 'grad_norm': 5.8901777267456055, 'learning_rate': 4.967775955003516e-05, 'epoch': 0.06}
{'eval_loss': 0.5323962569236755, 'eval_accuracy': 0.7960780329201382, 'eval_runtime': 41.4945, 'eval_samples_per_second': 237.188, 'eval_steps_per_second': 7.423, 'epoch': 0.06}
{'loss': 0.6263, 'grad_norm': 5.606485843658447, 'learning_rate': 4.967190063276307e-05, 'epoch': 0.06}
{'eval_loss': 0.5097478032112122, 'eval_accuracy': 0.7994310099573257, 'eval_runtime': 41.4669, 'eval_samples_per_second': 237.346, 'eval_steps_per_second': 7.428, 'epoch': 0.06}
{'loss': 0.5462, 'grad_norm': 4.997754096984863, 'learning_rate': 4.966604171549098e-05, 'epoch': 0.06}
{'eval_loss': 0.5003849864006042, 'eval_accuracy': 0.8036984352773826, 'eval_runtime': 41.3389, 'eval_samples_per_second': 238.081, 'eval_steps_per_second': 7.451, 'epoch': 0.06}
{'loss': 0.5397, 'grad_norm': 8.33984088897705, 'learning_rate': 4.966018279821889e-05, 'epoch': 0.06}
{'eval_loss': 0.5181366205215454, 'eval_accuracy': 0.8057305425726479, 'eval_runtime': 41.196, 'eval_samples_per_second': 238.906, 'eval_steps_per_second': 7.476, 'epoch': 0.06}
{'loss': 0.6091, 'grad_norm': 4.818031311035156, 'learning_rate': 4.9654323880946804e-05, 'epoch': 0.06}
{'eval_loss': 0.4918769299983978, 'eval_accuracy': 0.809693151798415, 'eval_runtime': 41.1939, 'eval_samples_per_second': 238.919, 'eval_steps_per_second': 7.477, 'epoch': 0.06}
{'loss': 0.5632, 'grad_norm': 6.519259452819824, 'learning_rate': 4.9648464963674716e-05, 'epoch': 0.06}
{'eval_loss': 0.4972923696041107, 'eval_accuracy': 0.8013615118878277, 'eval_runtime': 41.0465, 'eval_samples_per_second': 239.777, 'eval_steps_per_second': 7.504, 'epoch': 0.06}
{'loss': 0.6299, 'grad_norm': 5.677968502044678, 'learning_rate': 4.964260604640263e-05, 'epoch': 0.06}
{'eval_loss': 0.4940827786922455, 'eval_accuracy': 0.8109124161755741, 'eval_runtime': 40.4335, 'eval_samples_per_second': 243.412, 'eval_steps_per_second': 7.617, 'epoch': 0.06}
{'loss': 0.5338, 'grad_norm': 7.487687587738037, 'learning_rate': 4.963674712913054e-05, 'epoch': 0.07}
{'eval_loss': 0.4900648891925812, 'eval_accuracy': 0.812436496647023, 'eval_runtime': 41.6453, 'eval_samples_per_second': 236.329, 'eval_steps_per_second': 7.396, 'epoch': 0.07}
{'loss': 0.5566, 'grad_norm': 5.721230506896973, 'learning_rate': 4.963088821185845e-05, 'epoch': 0.07}
{'eval_loss': 0.4986426532268524, 'eval_accuracy': 0.8122332859174964, 'eval_runtime': 41.59, 'eval_samples_per_second': 236.643, 'eval_steps_per_second': 7.406, 'epoch': 0.07}
{'loss': 0.55, 'grad_norm': 3.805274486541748, 'learning_rate': 4.962502929458636e-05, 'epoch': 0.07}
{'eval_loss': 0.48629477620124817, 'eval_accuracy': 0.8121316805527332, 'eval_runtime': 41.4861, 'eval_samples_per_second': 237.236, 'eval_steps_per_second': 7.424, 'epoch': 0.07}
{'loss': 0.5183, 'grad_norm': 10.02365779876709, 'learning_rate': 4.9619170377314274e-05, 'epoch': 0.07}
{'eval_loss': 0.5338478684425354, 'eval_accuracy': 0.798719772403983, 'eval_runtime': 41.4407, 'eval_samples_per_second': 237.496, 'eval_steps_per_second': 7.432, 'epoch': 0.07}
{'loss': 0.5743, 'grad_norm': 5.6794304847717285, 'learning_rate': 4.9613311460042186e-05, 'epoch': 0.07}
{'eval_loss': 0.4838009476661682, 'eval_accuracy': 0.8156878683194473, 'eval_runtime': 41.3766, 'eval_samples_per_second': 237.864, 'eval_steps_per_second': 7.444, 'epoch': 0.07}
{'loss': 0.4972, 'grad_norm': 10.715903282165527, 'learning_rate': 4.96074525427701e-05, 'epoch': 0.07}
{'eval_loss': 0.5157448053359985, 'eval_accuracy': 0.80268238162975, 'eval_runtime': 41.2303, 'eval_samples_per_second': 238.708, 'eval_steps_per_second': 7.47, 'epoch': 0.07}
{'loss': 0.5071, 'grad_norm': 7.079348564147949, 'learning_rate': 4.960159362549801e-05, 'epoch': 0.07}
{'eval_loss': 0.47301971912384033, 'eval_accuracy': 0.8193456614509246, 'eval_runtime': 41.1745, 'eval_samples_per_second': 239.031, 'eval_steps_per_second': 7.48, 'epoch': 0.07}
{'loss': 0.5704, 'grad_norm': 6.486947059631348, 'learning_rate': 4.959573470822592e-05, 'epoch': 0.07}
{'eval_loss': 0.480527400970459, 'eval_accuracy': 0.8113188376346271, 'eval_runtime': 41.0469, 'eval_samples_per_second': 239.774, 'eval_steps_per_second': 7.504, 'epoch': 0.07}
{'loss': 0.5146, 'grad_norm': 3.5778257846832275, 'learning_rate': 4.958987579095383e-05, 'epoch': 0.07}
{'eval_loss': 0.4862317740917206, 'eval_accuracy': 0.8161958951432635, 'eval_runtime': 41.1912, 'eval_samples_per_second': 238.935, 'eval_steps_per_second': 7.477, 'epoch': 0.07}
{'loss': 0.5065, 'grad_norm': 8.007879257202148, 'learning_rate': 4.9584016873681744e-05, 'epoch': 0.07}
{'eval_loss': 0.4816044270992279, 'eval_accuracy': 0.8196504775452144, 'eval_runtime': 40.3895, 'eval_samples_per_second': 243.677, 'eval_steps_per_second': 7.626, 'epoch': 0.07}
{'loss': 0.5445, 'grad_norm': 3.62038254737854, 'learning_rate': 4.957815795640966e-05, 'epoch': 0.07}
{'eval_loss': 0.49452510476112366, 'eval_accuracy': 0.8120300751879699, 'eval_runtime': 40.8108, 'eval_samples_per_second': 241.162, 'eval_steps_per_second': 7.547, 'epoch': 0.07}
{'loss': 0.4677, 'grad_norm': 6.546317100524902, 'learning_rate': 4.957229903913757e-05, 'epoch': 0.07}
{'eval_loss': 0.4778624475002289, 'eval_accuracy': 0.817923186344239, 'eval_runtime': 41.321, 'eval_samples_per_second': 238.184, 'eval_steps_per_second': 7.454, 'epoch': 0.07}
{'loss': 0.5576, 'grad_norm': 6.455397605895996, 'learning_rate': 4.956644012186548e-05, 'epoch': 0.07}
{'eval_loss': 0.49296483397483826, 'eval_accuracy': 0.8122332859174964, 'eval_runtime': 41.5442, 'eval_samples_per_second': 236.905, 'eval_steps_per_second': 7.414, 'epoch': 0.07}
{'loss': 0.5982, 'grad_norm': 3.9267349243164062, 'learning_rate': 4.956058120459339e-05, 'epoch': 0.07}
{'eval_loss': 0.47160103917121887, 'eval_accuracy': 0.8134525502946556, 'eval_runtime': 41.379, 'eval_samples_per_second': 237.85, 'eval_steps_per_second': 7.443, 'epoch': 0.07}
{'loss': 0.5501, 'grad_norm': 5.575552463531494, 'learning_rate': 4.95547222873213e-05, 'epoch': 0.07}
{'eval_loss': 0.4728218615055084, 'eval_accuracy': 0.8151798414956309, 'eval_runtime': 41.8196, 'eval_samples_per_second': 235.344, 'eval_steps_per_second': 7.365, 'epoch': 0.07}
{'loss': 0.5555, 'grad_norm': 5.753485679626465, 'learning_rate': 4.954886337004922e-05, 'epoch': 0.07}
{'eval_loss': 0.4786834120750427, 'eval_accuracy': 0.8144686039422881, 'eval_runtime': 41.1698, 'eval_samples_per_second': 239.059, 'eval_steps_per_second': 7.481, 'epoch': 0.07}
{'loss': 0.4907, 'grad_norm': 4.106178283691406, 'learning_rate': 4.954300445277713e-05, 'epoch': 0.07}
{'eval_loss': 0.4724974036216736, 'eval_accuracy': 0.8168055273318431, 'eval_runtime': 41.1437, 'eval_samples_per_second': 239.21, 'eval_steps_per_second': 7.486, 'epoch': 0.07}
{'loss': 0.5322, 'grad_norm': 6.779979228973389, 'learning_rate': 4.9537145535505044e-05, 'epoch': 0.08}
{'eval_loss': 0.4785290062427521, 'eval_accuracy': 0.8153830522251575, 'eval_runtime': 41.1161, 'eval_samples_per_second': 239.371, 'eval_steps_per_second': 7.491, 'epoch': 0.08}
{'loss': 0.4776, 'grad_norm': 2.837695360183716, 'learning_rate': 4.9531286618232956e-05, 'epoch': 0.08}
{'eval_loss': 0.4656522870063782, 'eval_accuracy': 0.8213777687461898, 'eval_runtime': 41.0483, 'eval_samples_per_second': 239.767, 'eval_steps_per_second': 7.503, 'epoch': 0.08}
{'loss': 0.6208, 'grad_norm': 9.278745651245117, 'learning_rate': 4.952542770096086e-05, 'epoch': 0.08}
{'eval_loss': 0.4984613358974457, 'eval_accuracy': 0.80268238162975, 'eval_runtime': 40.454, 'eval_samples_per_second': 243.289, 'eval_steps_per_second': 7.614, 'epoch': 0.08}
{'loss': 0.527, 'grad_norm': 7.2523884773254395, 'learning_rate': 4.951956878368877e-05, 'epoch': 0.08}
{'eval_loss': 0.4773326814174652, 'eval_accuracy': 0.8143669985775249, 'eval_runtime': 41.253, 'eval_samples_per_second': 238.576, 'eval_steps_per_second': 7.466, 'epoch': 0.08}
{'loss': 0.5442, 'grad_norm': 6.481029033660889, 'learning_rate': 4.951370986641669e-05, 'epoch': 0.08}
{'eval_loss': 0.4854738116264343, 'eval_accuracy': 0.8112172322698639, 'eval_runtime': 41.4874, 'eval_samples_per_second': 237.228, 'eval_steps_per_second': 7.424, 'epoch': 0.08}
{'loss': 0.5506, 'grad_norm': 7.863388538360596, 'learning_rate': 4.95078509491446e-05, 'epoch': 0.08}
{'eval_loss': 0.4925902485847473, 'eval_accuracy': 0.8086770981507824, 'eval_runtime': 41.4818, 'eval_samples_per_second': 237.261, 'eval_steps_per_second': 7.425, 'epoch': 0.08}
{'loss': 0.5354, 'grad_norm': 4.438405513763428, 'learning_rate': 4.9501992031872514e-05, 'epoch': 0.08}
{'eval_loss': 0.46664661169052124, 'eval_accuracy': 0.8178215809794758, 'eval_runtime': 41.3905, 'eval_samples_per_second': 237.784, 'eval_steps_per_second': 7.441, 'epoch': 0.08}
{'loss': 0.577, 'grad_norm': 5.342583656311035, 'learning_rate': 4.9496133114600426e-05, 'epoch': 0.08}
{'eval_loss': 0.4660600423812866, 'eval_accuracy': 0.8217841902052428, 'eval_runtime': 41.3205, 'eval_samples_per_second': 238.187, 'eval_steps_per_second': 7.454, 'epoch': 0.08}
{'loss': 0.4645, 'grad_norm': 3.4911911487579346, 'learning_rate': 4.949027419732834e-05, 'epoch': 0.08}
{'eval_loss': 0.5224989652633667, 'eval_accuracy': 0.80268238162975, 'eval_runtime': 41.2841, 'eval_samples_per_second': 238.397, 'eval_steps_per_second': 7.461, 'epoch': 0.08}
{'loss': 0.4831, 'grad_norm': 8.142112731933594, 'learning_rate': 4.948441528005624e-05, 'epoch': 0.08}
{'eval_loss': 0.46981924772262573, 'eval_accuracy': 0.8220890062995326, 'eval_runtime': 41.043, 'eval_samples_per_second': 239.797, 'eval_steps_per_second': 7.504, 'epoch': 0.08}
{'loss': 0.5298, 'grad_norm': 7.46142578125, 'learning_rate': 4.947855636278416e-05, 'epoch': 0.08}
{'eval_loss': 0.46702998876571655, 'eval_accuracy': 0.8172119487908962, 'eval_runtime': 41.0285, 'eval_samples_per_second': 239.882, 'eval_steps_per_second': 7.507, 'epoch': 0.08}
{'loss': 0.5656, 'grad_norm': 4.132137775421143, 'learning_rate': 4.947269744551207e-05, 'epoch': 0.08}
{'eval_loss': 0.48599591851234436, 'eval_accuracy': 0.8150782361308677, 'eval_runtime': 41.1372, 'eval_samples_per_second': 239.248, 'eval_steps_per_second': 7.487, 'epoch': 0.08}
{'loss': 0.4971, 'grad_norm': 6.109052658081055, 'learning_rate': 4.9466838528239984e-05, 'epoch': 0.08}
{'eval_loss': 0.47046688199043274, 'eval_accuracy': 0.8214793741109531, 'eval_runtime': 40.3773, 'eval_samples_per_second': 243.751, 'eval_steps_per_second': 7.628, 'epoch': 0.08}
{'loss': 0.5243, 'grad_norm': 4.171930313110352, 'learning_rate': 4.9460979610967896e-05, 'epoch': 0.08}
{'eval_loss': 0.4653276801109314, 'eval_accuracy': 0.8203617150985572, 'eval_runtime': 40.9793, 'eval_samples_per_second': 240.17, 'eval_steps_per_second': 7.516, 'epoch': 0.08}
{'loss': 0.5022, 'grad_norm': 9.224154472351074, 'learning_rate': 4.945512069369581e-05, 'epoch': 0.08}
{'eval_loss': 0.45662662386894226, 'eval_accuracy': 0.8223938223938224, 'eval_runtime': 41.4197, 'eval_samples_per_second': 237.617, 'eval_steps_per_second': 7.436, 'epoch': 0.08}
{'loss': 0.4791, 'grad_norm': 5.600757598876953, 'learning_rate': 4.944926177642372e-05, 'epoch': 0.08}
{'eval_loss': 0.47502824664115906, 'eval_accuracy': 0.8135541556594188, 'eval_runtime': 41.5124, 'eval_samples_per_second': 237.086, 'eval_steps_per_second': 7.419, 'epoch': 0.08}
{'loss': 0.442, 'grad_norm': 6.291133880615234, 'learning_rate': 4.944340285915163e-05, 'epoch': 0.08}
{'eval_loss': 0.50752192735672, 'eval_accuracy': 0.7988213777687462, 'eval_runtime': 41.4142, 'eval_samples_per_second': 237.648, 'eval_steps_per_second': 7.437, 'epoch': 0.08}
{'loss': 0.5722, 'grad_norm': 7.906702995300293, 'learning_rate': 4.943754394187954e-05, 'epoch': 0.09}
{'eval_loss': 0.4731697738170624, 'eval_accuracy': 0.817516764885186, 'eval_runtime': 41.3522, 'eval_samples_per_second': 238.004, 'eval_steps_per_second': 7.448, 'epoch': 0.09}
{'loss': 0.5083, 'grad_norm': 8.780594825744629, 'learning_rate': 4.9431685024607454e-05, 'epoch': 0.09}
{'eval_loss': 0.46530255675315857, 'eval_accuracy': 0.8158910790489737, 'eval_runtime': 41.2619, 'eval_samples_per_second': 238.525, 'eval_steps_per_second': 7.465, 'epoch': 0.09}
{'loss': 0.4695, 'grad_norm': 4.5923967361450195, 'learning_rate': 4.9425826107335366e-05, 'epoch': 0.09}
{'eval_loss': 0.48286208510398865, 'eval_accuracy': 0.8151798414956309, 'eval_runtime': 41.2712, 'eval_samples_per_second': 238.472, 'eval_steps_per_second': 7.463, 'epoch': 0.09}
{'loss': 0.5183, 'grad_norm': 4.632933616638184, 'learning_rate': 4.941996719006328e-05, 'epoch': 0.09}
{'eval_loss': 0.47603699564933777, 'eval_accuracy': 0.8202601097337939, 'eval_runtime': 41.5285, 'eval_samples_per_second': 236.994, 'eval_steps_per_second': 7.417, 'epoch': 0.09}
{'loss': 0.5631, 'grad_norm': 7.5598955154418945, 'learning_rate': 4.9414108272791196e-05, 'epoch': 0.09}
{'eval_loss': 0.49283185601234436, 'eval_accuracy': 0.8130461288356026, 'eval_runtime': 41.0928, 'eval_samples_per_second': 239.507, 'eval_steps_per_second': 7.495, 'epoch': 0.09}
{'loss': 0.4457, 'grad_norm': 5.447291374206543, 'learning_rate': 4.94082493555191e-05, 'epoch': 0.09}
{'eval_loss': 0.48077455163002014, 'eval_accuracy': 0.8166023166023166, 'eval_runtime': 40.2896, 'eval_samples_per_second': 244.282, 'eval_steps_per_second': 7.645, 'epoch': 0.09}
{'loss': 0.5253, 'grad_norm': 5.614965915679932, 'learning_rate': 4.940239043824701e-05, 'epoch': 0.09}
{'eval_loss': 0.47109654545783997, 'eval_accuracy': 0.8142653932127616, 'eval_runtime': 40.7889, 'eval_samples_per_second': 241.291, 'eval_steps_per_second': 7.551, 'epoch': 0.09}
{'loss': 0.5782, 'grad_norm': 4.526072025299072, 'learning_rate': 4.9396531520974924e-05, 'epoch': 0.09}
{'eval_loss': 0.47430992126464844, 'eval_accuracy': 0.8115220483641536, 'eval_runtime': 41.3923, 'eval_samples_per_second': 237.774, 'eval_steps_per_second': 7.441, 'epoch': 0.09}
{'loss': 0.4818, 'grad_norm': 5.3866448402404785, 'learning_rate': 4.9390672603702836e-05, 'epoch': 0.09}
{'eval_loss': 0.4775969684123993, 'eval_accuracy': 0.8161958951432635, 'eval_runtime': 41.5542, 'eval_samples_per_second': 236.847, 'eval_steps_per_second': 7.412, 'epoch': 0.09}
{'loss': 0.4973, 'grad_norm': 9.204364776611328, 'learning_rate': 4.938481368643075e-05, 'epoch': 0.09}
{'eval_loss': 0.5032790899276733, 'eval_accuracy': 0.817923186344239, 'eval_runtime': 41.4976, 'eval_samples_per_second': 237.171, 'eval_steps_per_second': 7.422, 'epoch': 0.09}
{'loss': 0.5165, 'grad_norm': 4.722868919372559, 'learning_rate': 4.9378954769158666e-05, 'epoch': 0.09}
{'eval_loss': 0.47552570700645447, 'eval_accuracy': 0.8206665311928469, 'eval_runtime': 41.556, 'eval_samples_per_second': 236.837, 'eval_steps_per_second': 7.412, 'epoch': 0.09}
{'loss': 0.4432, 'grad_norm': 3.245364189147949, 'learning_rate': 4.937309585188658e-05, 'epoch': 0.09}
{'eval_loss': 0.45223456621170044, 'eval_accuracy': 0.8266612477138793, 'eval_runtime': 41.343, 'eval_samples_per_second': 238.057, 'eval_steps_per_second': 7.45, 'epoch': 0.09}
{'loss': 0.5105, 'grad_norm': 6.991467475891113, 'learning_rate': 4.936723693461448e-05, 'epoch': 0.09}
{'eval_loss': 0.47124403715133667, 'eval_accuracy': 0.8184312131680552, 'eval_runtime': 41.1861, 'eval_samples_per_second': 238.964, 'eval_steps_per_second': 7.478, 'epoch': 0.09}
{'loss': 0.5323, 'grad_norm': 6.4806389808654785, 'learning_rate': 4.9361378017342394e-05, 'epoch': 0.09}
{'eval_loss': 0.4616815447807312, 'eval_accuracy': 0.8181263970737654, 'eval_runtime': 41.2426, 'eval_samples_per_second': 238.637, 'eval_steps_per_second': 7.468, 'epoch': 0.09}
{'loss': 0.4378, 'grad_norm': 5.107983112335205, 'learning_rate': 4.9355519100070306e-05, 'epoch': 0.09}
{'eval_loss': 0.4616853594779968, 'eval_accuracy': 0.8229018492176386, 'eval_runtime': 41.1755, 'eval_samples_per_second': 239.026, 'eval_steps_per_second': 7.48, 'epoch': 0.09}
{'loss': 0.5319, 'grad_norm': 5.279819488525391, 'learning_rate': 4.934966018279822e-05, 'epoch': 0.09}
{'eval_loss': 0.47664809226989746, 'eval_accuracy': 0.8154846575899207, 'eval_runtime': 40.3165, 'eval_samples_per_second': 244.118, 'eval_steps_per_second': 7.64, 'epoch': 0.09}
{'loss': 0.5144, 'grad_norm': 6.08450174331665, 'learning_rate': 4.9343801265526136e-05, 'epoch': 0.09}
{'eval_loss': 0.4663708209991455, 'eval_accuracy': 0.8254419833367201, 'eval_runtime': 41.6736, 'eval_samples_per_second': 236.169, 'eval_steps_per_second': 7.391, 'epoch': 0.09}
{'loss': 0.5613, 'grad_norm': 7.212177753448486, 'learning_rate': 4.933794234825405e-05, 'epoch': 0.09}
{'eval_loss': 0.4624009132385254, 'eval_accuracy': 0.823003454582402, 'eval_runtime': 41.3684, 'eval_samples_per_second': 237.911, 'eval_steps_per_second': 7.445, 'epoch': 0.09}
{'loss': 0.4695, 'grad_norm': 4.002486228942871, 'learning_rate': 4.933208343098196e-05, 'epoch': 0.1}
{'eval_loss': 0.45329466462135315, 'eval_accuracy': 0.8268644584434058, 'eval_runtime': 41.4587, 'eval_samples_per_second': 237.393, 'eval_steps_per_second': 7.429, 'epoch': 0.1}
{'loss': 0.497, 'grad_norm': 8.753156661987305, 'learning_rate': 4.9326224513709864e-05, 'epoch': 0.1}
{'eval_loss': 0.4698575735092163, 'eval_accuracy': 0.8245275350538508, 'eval_runtime': 41.4021, 'eval_samples_per_second': 237.717, 'eval_steps_per_second': 7.439, 'epoch': 0.1}
{'loss': 0.4937, 'grad_norm': 8.613058090209961, 'learning_rate': 4.9320365596437776e-05, 'epoch': 0.1}
{'eval_loss': 0.4729764461517334, 'eval_accuracy': 0.8182280024385288, 'eval_runtime': 41.4453, 'eval_samples_per_second': 237.47, 'eval_steps_per_second': 7.431, 'epoch': 0.1}
{'loss': 0.6102, 'grad_norm': 5.761225700378418, 'learning_rate': 4.9314506679165694e-05, 'epoch': 0.1}
{'eval_loss': 0.46666112542152405, 'eval_accuracy': 0.8256451940662467, 'eval_runtime': 41.3195, 'eval_samples_per_second': 238.193, 'eval_steps_per_second': 7.454, 'epoch': 0.1}
{'loss': 0.5605, 'grad_norm': 4.882097244262695, 'learning_rate': 4.9308647761893606e-05, 'epoch': 0.1}
{'eval_loss': 0.4802144467830658, 'eval_accuracy': 0.8167039219670799, 'eval_runtime': 41.124, 'eval_samples_per_second': 239.325, 'eval_steps_per_second': 7.49, 'epoch': 0.1}
{'loss': 0.512, 'grad_norm': 6.310643196105957, 'learning_rate': 4.930278884462152e-05, 'epoch': 0.1}
{'eval_loss': 0.45668894052505493, 'eval_accuracy': 0.8243243243243243, 'eval_runtime': 41.1699, 'eval_samples_per_second': 239.058, 'eval_steps_per_second': 7.481, 'epoch': 0.1}
{'loss': 0.5365, 'grad_norm': 3.861295700073242, 'learning_rate': 4.929692992734943e-05, 'epoch': 0.1}
{'eval_loss': 0.4645644426345825, 'eval_accuracy': 0.8190408453566348, 'eval_runtime': 41.1109, 'eval_samples_per_second': 239.401, 'eval_steps_per_second': 7.492, 'epoch': 0.1}
{'loss': 0.4638, 'grad_norm': 7.771702766418457, 'learning_rate': 4.929107101007734e-05, 'epoch': 0.1}
{'eval_loss': 0.46719858050346375, 'eval_accuracy': 0.8257467994310099, 'eval_runtime': 40.2815, 'eval_samples_per_second': 244.331, 'eval_steps_per_second': 7.646, 'epoch': 0.1}
{'loss': 0.4857, 'grad_norm': 8.477907180786133, 'learning_rate': 4.928521209280525e-05, 'epoch': 0.1}
{'eval_loss': 0.4845921993255615, 'eval_accuracy': 0.8180247917090022, 'eval_runtime': 40.7383, 'eval_samples_per_second': 241.591, 'eval_steps_per_second': 7.56, 'epoch': 0.1}
{'loss': 0.4984, 'grad_norm': 7.169817924499512, 'learning_rate': 4.9279353175533164e-05, 'epoch': 0.1}
{'eval_loss': 0.4609009921550751, 'eval_accuracy': 0.8250355618776671, 'eval_runtime': 41.2613, 'eval_samples_per_second': 238.529, 'eval_steps_per_second': 7.465, 'epoch': 0.1}
{'loss': 0.5653, 'grad_norm': 5.1057515144348145, 'learning_rate': 4.9273494258261076e-05, 'epoch': 0.1}
{'eval_loss': 0.44586360454559326, 'eval_accuracy': 0.8270676691729323, 'eval_runtime': 41.3388, 'eval_samples_per_second': 238.081, 'eval_steps_per_second': 7.451, 'epoch': 0.1}
{'loss': 0.4758, 'grad_norm': 6.497713088989258, 'learning_rate': 4.926763534098899e-05, 'epoch': 0.1}
{'eval_loss': 0.43836796283721924, 'eval_accuracy': 0.8342816500711238, 'eval_runtime': 41.347, 'eval_samples_per_second': 238.034, 'eval_steps_per_second': 7.449, 'epoch': 0.1}
{'loss': 0.5299, 'grad_norm': 4.812618732452393, 'learning_rate': 4.92617764237169e-05, 'epoch': 0.1}
{'eval_loss': 0.43884140253067017, 'eval_accuracy': 0.8359073359073359, 'eval_runtime': 41.3837, 'eval_samples_per_second': 237.823, 'eval_steps_per_second': 7.443, 'epoch': 0.1}
{'loss': 0.5439, 'grad_norm': 5.5142130851745605, 'learning_rate': 4.925591750644481e-05, 'epoch': 0.1}
{'eval_loss': 0.45171985030174255, 'eval_accuracy': 0.8329607803292014, 'eval_runtime': 41.1937, 'eval_samples_per_second': 238.92, 'eval_steps_per_second': 7.477, 'epoch': 0.1}
{'loss': 0.5641, 'grad_norm': 5.160768508911133, 'learning_rate': 4.925005858917272e-05, 'epoch': 0.1}
{'eval_loss': 0.45664334297180176, 'eval_accuracy': 0.8209713472871367, 'eval_runtime': 41.1545, 'eval_samples_per_second': 239.147, 'eval_steps_per_second': 7.484, 'epoch': 0.1}
{'loss': 0.5296, 'grad_norm': 4.147457599639893, 'learning_rate': 4.9244199671900634e-05, 'epoch': 0.1}
{'eval_loss': 0.4592168629169464, 'eval_accuracy': 0.8216825848404796, 'eval_runtime': 41.1121, 'eval_samples_per_second': 239.394, 'eval_steps_per_second': 7.492, 'epoch': 0.1}
{'loss': 0.5413, 'grad_norm': 5.592255115509033, 'learning_rate': 4.9238340754628546e-05, 'epoch': 0.1}
{'eval_loss': 0.45717066526412964, 'eval_accuracy': 0.826559642349116, 'eval_runtime': 41.0528, 'eval_samples_per_second': 239.74, 'eval_steps_per_second': 7.503, 'epoch': 0.1}
{'loss': 0.4951, 'grad_norm': 4.536635875701904, 'learning_rate': 4.923248183735646e-05, 'epoch': 0.11}
{'eval_loss': 0.4686466455459595, 'eval_accuracy': 0.8229018492176386, 'eval_runtime': 40.4073, 'eval_samples_per_second': 243.57, 'eval_steps_per_second': 7.622, 'epoch': 0.11}
{'loss': 0.556, 'grad_norm': 4.457435607910156, 'learning_rate': 4.922662292008437e-05, 'epoch': 0.11}
{'eval_loss': 0.48109593987464905, 'eval_accuracy': 0.812842918106076, 'eval_runtime': 40.858, 'eval_samples_per_second': 240.883, 'eval_steps_per_second': 7.538, 'epoch': 0.11}
{'loss': 0.5423, 'grad_norm': 5.244316101074219, 'learning_rate': 4.922076400281228e-05, 'epoch': 0.11}
{'eval_loss': 0.4594395160675049, 'eval_accuracy': 0.8221906116642959, 'eval_runtime': 41.3009, 'eval_samples_per_second': 238.3, 'eval_steps_per_second': 7.457, 'epoch': 0.11}
{'loss': 0.5103, 'grad_norm': 3.9110970497131348, 'learning_rate': 4.92149050855402e-05, 'epoch': 0.11}
{'eval_loss': 0.46985018253326416, 'eval_accuracy': 0.8201585043690307, 'eval_runtime': 41.377, 'eval_samples_per_second': 237.862, 'eval_steps_per_second': 7.444, 'epoch': 0.11}
{'loss': 0.523, 'grad_norm': 4.66022253036499, 'learning_rate': 4.920904616826811e-05, 'epoch': 0.11}
{'eval_loss': 0.4278344511985779, 'eval_accuracy': 0.8374314163787848, 'eval_runtime': 41.4526, 'eval_samples_per_second': 237.428, 'eval_steps_per_second': 7.43, 'epoch': 0.11}
{'loss': 0.5484, 'grad_norm': 6.294253826141357, 'learning_rate': 4.9203187250996016e-05, 'epoch': 0.11}
{'eval_loss': 0.42883095145225525, 'eval_accuracy': 0.8373298110140215, 'eval_runtime': 41.3665, 'eval_samples_per_second': 237.922, 'eval_steps_per_second': 7.446, 'epoch': 0.11}
{'loss': 0.5615, 'grad_norm': 9.764508247375488, 'learning_rate': 4.919732833372393e-05, 'epoch': 0.11}
{'eval_loss': 0.42624884843826294, 'eval_accuracy': 0.8396667344035765, 'eval_runtime': 41.2594, 'eval_samples_per_second': 238.539, 'eval_steps_per_second': 7.465, 'epoch': 0.11}
{'loss': 0.4732, 'grad_norm': 7.068581581115723, 'learning_rate': 4.919146941645184e-05, 'epoch': 0.11}
{'eval_loss': 0.4318864047527313, 'eval_accuracy': 0.8389554968502337, 'eval_runtime': 41.247, 'eval_samples_per_second': 238.612, 'eval_steps_per_second': 7.467, 'epoch': 0.11}
{'loss': 0.5458, 'grad_norm': 6.2041192054748535, 'learning_rate': 4.918561049917975e-05, 'epoch': 0.11}
{'eval_loss': 0.43319565057754517, 'eval_accuracy': 0.8359073359073359, 'eval_runtime': 41.0185, 'eval_samples_per_second': 239.94, 'eval_steps_per_second': 7.509, 'epoch': 0.11}
{'loss': 0.4458, 'grad_norm': 7.03322172164917, 'learning_rate': 4.917975158190767e-05, 'epoch': 0.11}
{'eval_loss': 0.4339650571346283, 'eval_accuracy': 0.8360089412720991, 'eval_runtime': 40.913, 'eval_samples_per_second': 240.559, 'eval_steps_per_second': 7.528, 'epoch': 0.11}
{'loss': 0.4642, 'grad_norm': 5.72471809387207, 'learning_rate': 4.917389266463558e-05, 'epoch': 0.11}
{'eval_loss': 0.44277748465538025, 'eval_accuracy': 0.8317415159520423, 'eval_runtime': 40.3889, 'eval_samples_per_second': 243.681, 'eval_steps_per_second': 7.626, 'epoch': 0.11}
{'loss': 0.488, 'grad_norm': 6.0351762771606445, 'learning_rate': 4.916803374736349e-05, 'epoch': 0.11}
{'eval_loss': 0.4562320113182068, 'eval_accuracy': 0.8285917496443812, 'eval_runtime': 40.8301, 'eval_samples_per_second': 241.048, 'eval_steps_per_second': 7.543, 'epoch': 0.11}
{'loss': 0.498, 'grad_norm': 5.787099361419678, 'learning_rate': 4.91621748300914e-05, 'epoch': 0.11}
{'eval_loss': 0.456656277179718, 'eval_accuracy': 0.8246291404186141, 'eval_runtime': 41.4186, 'eval_samples_per_second': 237.623, 'eval_steps_per_second': 7.436, 'epoch': 0.11}
{'loss': 0.5769, 'grad_norm': 8.311676979064941, 'learning_rate': 4.915631591281931e-05, 'epoch': 0.11}
{'eval_loss': 0.4475957453250885, 'eval_accuracy': 0.8251371672424304, 'eval_runtime': 41.3732, 'eval_samples_per_second': 237.884, 'eval_steps_per_second': 7.444, 'epoch': 0.11}
{'loss': 0.5643, 'grad_norm': 4.065864562988281, 'learning_rate': 4.915045699554722e-05, 'epoch': 0.11}
{'eval_loss': 0.44406968355178833, 'eval_accuracy': 0.828896565738671, 'eval_runtime': 41.6612, 'eval_samples_per_second': 236.239, 'eval_steps_per_second': 7.393, 'epoch': 0.11}
{'loss': 0.529, 'grad_norm': 5.610128402709961, 'learning_rate': 4.914459807827514e-05, 'epoch': 0.11}
{'eval_loss': 0.4415806829929352, 'eval_accuracy': 0.8314366998577525, 'eval_runtime': 41.3734, 'eval_samples_per_second': 237.883, 'eval_steps_per_second': 7.444, 'epoch': 0.11}
{'loss': 0.482, 'grad_norm': 6.9298481941223145, 'learning_rate': 4.913873916100305e-05, 'epoch': 0.11}
{'eval_loss': 0.4310557544231415, 'eval_accuracy': 0.8389554968502337, 'eval_runtime': 41.2688, 'eval_samples_per_second': 238.485, 'eval_steps_per_second': 7.463, 'epoch': 0.11}
{'loss': 0.5205, 'grad_norm': 6.688940048217773, 'learning_rate': 4.913288024373096e-05, 'epoch': 0.12}
{'eval_loss': 0.433120459318161, 'eval_accuracy': 0.8349928876244666, 'eval_runtime': 41.3071, 'eval_samples_per_second': 238.264, 'eval_steps_per_second': 7.456, 'epoch': 0.12}
{'loss': 0.4904, 'grad_norm': 4.430072784423828, 'learning_rate': 4.9127021326458875e-05, 'epoch': 0.12}
{'eval_loss': 0.44034454226493835, 'eval_accuracy': 0.8357041251778093, 'eval_runtime': 41.0491, 'eval_samples_per_second': 239.762, 'eval_steps_per_second': 7.503, 'epoch': 0.12}
{'loss': 0.5164, 'grad_norm': 4.058253288269043, 'learning_rate': 4.912116240918678e-05, 'epoch': 0.12}
{'eval_loss': 0.4844711422920227, 'eval_accuracy': 0.8158910790489737, 'eval_runtime': 40.993, 'eval_samples_per_second': 240.09, 'eval_steps_per_second': 7.513, 'epoch': 0.12}
{'loss': 0.4997, 'grad_norm': 5.978017807006836, 'learning_rate': 4.91153034919147e-05, 'epoch': 0.12}
{'eval_loss': 0.4339064061641693, 'eval_accuracy': 0.8341800447063605, 'eval_runtime': 40.2589, 'eval_samples_per_second': 244.468, 'eval_steps_per_second': 7.65, 'epoch': 0.12}
{'loss': 0.35, 'grad_norm': 8.736456871032715, 'learning_rate': 4.910944457464261e-05, 'epoch': 0.12}
{'eval_loss': 0.49764227867126465, 'eval_accuracy': 0.8237146921357448, 'eval_runtime': 40.779, 'eval_samples_per_second': 241.35, 'eval_steps_per_second': 7.553, 'epoch': 0.12}
{'loss': 0.5675, 'grad_norm': 7.740536212921143, 'learning_rate': 4.910358565737052e-05, 'epoch': 0.12}
{'eval_loss': 0.4620095193386078, 'eval_accuracy': 0.8298110140215403, 'eval_runtime': 41.3575, 'eval_samples_per_second': 237.974, 'eval_steps_per_second': 7.447, 'epoch': 0.12}
{'loss': 0.5435, 'grad_norm': 4.8408708572387695, 'learning_rate': 4.909772674009843e-05, 'epoch': 0.12}
{'eval_loss': 0.4316002428531647, 'eval_accuracy': 0.8355009144482829, 'eval_runtime': 41.3548, 'eval_samples_per_second': 237.989, 'eval_steps_per_second': 7.448, 'epoch': 0.12}
{'loss': 0.5726, 'grad_norm': 6.134649753570557, 'learning_rate': 4.9091867822826345e-05, 'epoch': 0.12}
{'eval_loss': 0.46228107810020447, 'eval_accuracy': 0.8264580369843528, 'eval_runtime': 41.512, 'eval_samples_per_second': 237.088, 'eval_steps_per_second': 7.42, 'epoch': 0.12}
{'loss': 0.5206, 'grad_norm': 5.540530204772949, 'learning_rate': 4.9086008905554256e-05, 'epoch': 0.12}
{'eval_loss': 0.44535040855407715, 'eval_accuracy': 0.8333672017882544, 'eval_runtime': 41.4866, 'eval_samples_per_second': 237.233, 'eval_steps_per_second': 7.424, 'epoch': 0.12}
{'loss': 0.5316, 'grad_norm': 5.087503910064697, 'learning_rate': 4.908014998828217e-05, 'epoch': 0.12}
{'eval_loss': 0.4585956037044525, 'eval_accuracy': 0.8268644584434058, 'eval_runtime': 41.2491, 'eval_samples_per_second': 238.599, 'eval_steps_per_second': 7.467, 'epoch': 0.12}
{'loss': 0.4673, 'grad_norm': 5.9053778648376465, 'learning_rate': 4.907429107101008e-05, 'epoch': 0.12}
{'eval_loss': 0.42999231815338135, 'eval_accuracy': 0.8374314163787848, 'eval_runtime': 41.2888, 'eval_samples_per_second': 238.369, 'eval_steps_per_second': 7.46, 'epoch': 0.12}
{'loss': 0.4626, 'grad_norm': 4.3962626457214355, 'learning_rate': 4.906843215373799e-05, 'epoch': 0.12}
{'eval_loss': 0.4420235753059387, 'eval_accuracy': 0.8356025198130461, 'eval_runtime': 41.0494, 'eval_samples_per_second': 239.76, 'eval_steps_per_second': 7.503, 'epoch': 0.12}
{'loss': 0.4033, 'grad_norm': 6.214455604553223, 'learning_rate': 4.90625732364659e-05, 'epoch': 0.12}
